<html>
<body>
<pre>
<h1>µVision Build Log</h1>
<h2>Tool Versions:</h2>
IDE-Version: µVision V5.32.0.0
Copyright (C) 2020 ARM Ltd and ARM Germany GmbH. All rights reserved.
License Information: sas asa, asas, LIC=----
 
Tool Versions:
Toolchain:       MDK-Lite  Version: 5.32.0.0
Toolchain Path:  C:\Keil_v5\ARM\ARMCC\Bin
C Compiler:      Armcc.exe V5.06 update 7 (build 960)
Assembler:       Armasm.exe V5.06 update 7 (build 960)
Linker/Locator:  ArmLink.exe V5.06 update 7 (build 960)
Library Manager: ArmAr.exe V5.06 update 7 (build 960)
Hex Converter:   FromElf.exe V5.06 update 7 (build 960)
CPU DLL:         SARMCM3.DLL V5.32.0.0
Dialog DLL:      DARMCM1.DLL V1.19.4.0
Target DLL:      STLink\ST-LINKIII-KEIL_SWO.dll V3.0.8.0
Dialog DLL:      TARMCM1.DLL V1.14.3.0
 
<h2>Project:</h2>
D:\Nagoba\MPR\MDK-ARM\MPR.uvprojx
Project File Date:  05/02/2022

<h2>Output:</h2>
*** Using Compiler 'V5.06 update 7 (build 960)', folder: 'C:\Keil_v5\ARM\ARMCC\Bin'
Rebuild target 'MPR'
assembling startup_stm32g070xx.s...
compiling rms.c...
..\Core\Core\rms.c(172): warning:  #188-D: enumerated type mixed with another type
  	for(phase=0; phase< TOTAL_PHASE;phase++)
..\Core\Core\rms.c(232): warning:  #188-D: enumerated type mixed with another type
  	for(phase=0; phase<3;phase++)
..\Core\Core\rms.c(281): warning:  #188-D: enumerated type mixed with another type
  	for(phase=0; phase<	TL_NO_PHASE;phase++)
..\Core\Core\rms.c(303): error:  #20: identifier "VOLT_SCAL_ADDR" is undefined
  		PT24xx_write(VOLT_SCAL_ADDR,scaling_factor.volt_scal,sizeof(scaling_factor.volt_scal));
..\Core\Core\rms.c(303): error:  #167: argument of type "float *" is incompatible with parameter of type "uint32_t *"
  		PT24xx_write(VOLT_SCAL_ADDR,scaling_factor.volt_scal,sizeof(scaling_factor.volt_scal));
..\Core\Core\rms.c(315): warning:  #188-D: enumerated type mixed with another type
  	for(phase=0; phase<TL_NO_PHASE;phase++)
..\Core\Core\rms.c(493): warning:  #940-D: missing return statement at end of non-void function "read_value" 
  }
..\Core\Core\rms.c(87): warning:  #177-D: function "phasereversal"  was declared but never referenced
  static void phasereversal(int32_t sample[])
..\Core\Core\rms.c: 6 warnings, 2 errors
compiling motor_protection.c...
..\Core\Core\motor_protection.c(28): warning:  #1295-D: Deprecated declaration isUnderVolt - give arg types
  static bool isUnderVolt();
..\Core\Core\motor_protection.c(29): warning:  #1295-D: Deprecated declaration isOverVolt - give arg types
  static bool isOverVolt();
..\Core\Core\motor_protection.c(30): warning:  #1295-D: Deprecated declaration isPhaseFailueVolt - give arg types
  static bool isPhaseFailueVolt();
..\Core\Core\motor_protection.c(31): warning:  #1295-D: Deprecated declaration isPhaseUnbalanceVolt - give arg types
  static bool isPhaseUnbalanceVolt();
..\Core\Core\motor_protection.c(32): warning:  #1295-D: Deprecated declaration isPhaseReversalVolt - give arg types
  static bool isPhaseReversalVolt();
..\Core\Core\motor_protection.c(34): warning:  #1295-D: Deprecated declaration isUnderCurr - give arg types
  static bool isUnderCurr();
..\Core\Core\motor_protection.c(35): warning:  #1295-D: Deprecated declaration isOverCurr - give arg types
  static bool isOverCurr();
..\Core\Core\motor_protection.c(36): warning:  #1295-D: Deprecated declaration isPhaseFailueCurr - give arg types
  static bool isPhaseFailueCurr();
..\Core\Core\motor_protection.c(37): warning:  #1295-D: Deprecated declaration isPhaseUnbalanceCurr - give arg types
  static bool isPhaseUnbalanceCurr();
..\Core\Core\motor_protection.c(38): warning:  #1295-D: Deprecated declaration isPhaseReversalCurr - give arg types
  static bool isPhaseReversalCurr();
..\Core\Core\motor_protection.c(39): warning:  #1295-D: Deprecated declaration isRotorLockCurr - give arg types
  static bool isRotorLockCurr();
..\Core\Core\motor_protection.c(40): warning:  #1295-D: Deprecated declaration isProlongStartCurr - give arg types
  static bool isProlongStartCurr();
..\Core\Core\motor_protection.c(41): warning:  #1295-D: Deprecated declaration InvCurrOverLoad - give arg types
  static bool InvCurrOverLoad();
..\Core\Core\motor_protection.c(43): warning:  #1295-D: Deprecated declaration isOverPower - give arg types
  static bool isOverPower();
..\Core\Core\motor_protection.c(44): warning:  #1295-D: Deprecated declaration isUnderPower - give arg types
  static bool isUnderPower();
..\Core\Core\motor_protection.c(47): warning:  #1295-D: Deprecated declaration isGroundFault - give arg types
  static bool isGroundFault();
..\Core\Core\motor_protection.c(48): warning:  #1295-D: Deprecated declaration isEarthFault - give arg types
  static bool isEarthFault();
..\Core\Core\motor_protection.c(50): warning:  #1295-D: Deprecated declaration isContactorFault - give arg types
  static bool isContactorFault();
..\Core\Core\motor_protection.c(98): error:  #20: identifier "RY_PHASE" is undefined
  	if((rms.voltage[RY_PHASE]<(float)NOMINAL_VOLTAGE(_test))|| \
..\Core\Core\motor_protection.c(99): error:  #20: identifier "YB_PHASE" is undefined
  		(rms.voltage[YB_PHASE]<(float)NOMINAL_VOLTAGE(_test))|| \
..\Core\Core\motor_protection.c(100): error:  #20: identifier "BR_PHASE" is undefined
  			(rms.voltage[BR_PHASE]<(float)NOMINAL_VOLTAGE(_test)))
..\Core\Core\motor_protection.c(121): error:  #20: identifier "RY_PHASE" is undefined
  	if((rms.voltage[RY_PHASE]>(float)NOMINAL_VOLTAGE(_test))|| \
..\Core\Core\motor_protection.c(122): error:  #20: identifier "YB_PHASE" is undefined
  		(rms.voltage[YB_PHASE]>(float)NOMINAL_VOLTAGE(_test))|| \
..\Core\Core\motor_protection.c(123): error:  #20: identifier "BR_PHASE" is undefined
  			(rms.voltage[BR_PHASE]>(float)NOMINAL_VOLTAGE(_test)))
..\Core\Core\motor_protection.c(143): error:  #20: identifier "RY_PHASE" is undefined
  	if((rms.voltage[RY_PHASE]>(float)NOMINAL_VOLTAGE(_test))|| \
..\Core\Core\motor_protection.c(144): error:  #20: identifier "YB_PHASE" is undefined
  		(rms.voltage[YB_PHASE]>(float)NOMINAL_VOLTAGE(_test))|| \
..\Core\Core\motor_protection.c(145): error:  #20: identifier "BR_PHASE" is undefined
  			(rms.voltage[BR_PHASE]>(float)NOMINAL_VOLTAGE(_test)))
..\Core\Core\motor_protection.c(157): warning:  #9-D: nested comment is not allowed
  /*
..\Core\Core\motor_protection.c(158): warning:  #9-D: nested comment is not allowed
  /*
..\Core\Core\motor_protection.c(166): error:  #20: identifier "RY_PHASE" is undefined
  	if((rms.display_currnet[RY_PHASE]<(float)FULL_LOAD_CURRENT(_test))|| \
..\Core\Core\motor_protection.c(167): error:  #20: identifier "YB_PHASE" is undefined
  		(rms.display_currnet[YB_PHASE]<(float)FULL_LOAD_CURRENT(_test))|| \
..\Core\Core\motor_protection.c(168): error:  #20: identifier "BR_PHASE" is undefined
  			(rms.display_currnet[BR_PHASE]<(float)FULL_LOAD_CURRENT(_test)))
..\Core\Core\motor_protection.c(187): error:  #20: identifier "RY_PHASE" is undefined
  	if((rms.display_currnet[RY_PHASE]>(float)FULL_LOAD_CURRENT(_test))|| \
..\Core\Core\motor_protection.c(188): error:  #20: identifier "YB_PHASE" is undefined
  		(rms.display_currnet[YB_PHASE]>(float)FULL_LOAD_CURRENT(_test))|| \
..\Core\Core\motor_protection.c(189): error:  #20: identifier "BR_PHASE" is undefined
  			(rms.display_currnet[BR_PHASE]>(float)FULL_LOAD_CURRENT(_test)))
..\Core\Core\motor_protection.c(301): warning:  #9-D: nested comment is not allowed
  	/**phase unbalnce delay*/
..\Core\Core\motor_protection.c(398): warning:  #940-D: missing return statement at end of non-void function "Short_Circuit" 
   }
..\Core\Core\motor_protection.c(436): warning:  #940-D: missing return statement at end of non-void function "Rotor_Lock" 
   }
..\Core\Core\motor_protection.c(449): warning:  #9-D: nested comment is not allowed
  		/* && Average_All_phase_Current < FULL_LOAD_CURRENT_PERCENTAGE(PROLONG_STARTING_MAX))*/
..\Core\Core\motor_protection.c(479): warning:  #940-D: missing return statement at end of non-void function "Prolong_Starting" 
   }
..\Core\Core\motor_protection.c(655): warning:  #9-D: nested comment is not allowed
  	 / if(menu_config[PHASE_LOSS_ED]!=0 && isPhaseLoss()/*||isPhaseReversal()*/)
..\Core\Core\motor_protection.c(947): warning:  #940-D: missing return statement at end of non-void function "isPhaseLoss" 
  }
..\Core\Core\motor_protection.c(983): warning:  #940-D: missing return statement at end of non-void function "isPhaseReversal" 
  }
..\Core\Core\motor_protection.c(1031): warning:  #940-D: missing return statement at end of non-void function "isPhaseUnblanceCurr" 
  }
..\Core\Core\motor_protection.c(28): warning:  #177-D: function "isUnderVolt"  was declared but never referenced
  static bool isUnderVolt();
..\Core\Core\motor_protection.c(29): warning:  #177-D: function "isOverVolt"  was declared but never referenced
  static bool isOverVolt();
..\Core\Core\motor_protection.c(140): warning:  #177-D: function "isPhaseFailueVolt"  was declared but never referenced
  static bool isPhaseFailueVolt()
..\Core\Core\motor_protection.c(31): warning:  #177-D: function "isPhaseUnbalanceVolt"  was declared but never referenced
  static bool isPhaseUnbalanceVolt();
..\Core\Core\motor_protection.c(32): warning:  #177-D: function "isPhaseReversalVolt"  was declared but never referenced
  static bool isPhaseReversalVolt();
..\Core\Core\motor_protection.c(34): warning:  #177-D: function "isUnderCurr"  was declared but never referenced
  static bool isUnderCurr();
..\Core\Core\motor_protection.c(35): warning:  #177-D: function "isOverCurr"  was declared but never referenced
  static bool isOverCurr();
..\Core\Core\motor_protection.c(36): warning:  #177-D: function "isPhaseFailueCurr"  was declared but never referenced
  static bool isPhaseFailueCurr();
..\Core\Core\motor_protection.c(37): warning:  #177-D: function "isPhaseUnbalanceCurr"  was declared but never referenced
  static bool isPhaseUnbalanceCurr();
..\Core\Core\motor_protection.c(38): warning:  #177-D: function "isPhaseReversalCurr"  was declared but never referenced
  static bool isPhaseReversalCurr();
..\Core\Core\motor_protection.c(39): warning:  #177-D: function "isRotorLockCurr"  was declared but never referenced
  static bool isRotorLockCurr();
..\Core\Core\motor_protection.c(40): warning:  #177-D: function "isProlongStartCurr"  was declared but never referenced
  static bool isProlongStartCurr();
..\Core\Core\motor_protection.c(41): warning:  #177-D: function "InvCurrOverLoad"  was declared but never referenced
  static bool InvCurrOverLoad();
..\Core\Core\motor_protection.c(43): warning:  #177-D: function "isOverPower"  was declared but never referenced
  static bool isOverPower();
..\Core\Core\motor_protection.c(44): warning:  #177-D: function "isUnderPower"  was declared but never referenced
  static bool isUnderPower();
..\Core\Core\motor_protection.c(47): warning:  #177-D: function "isGroundFault"  was declared but never referenced
  static bool isGroundFault();
..\Core\Core\motor_protection.c(48): warning:  #177-D: function "isEarthFault"  was declared but never referenced
  static bool isEarthFault();
..\Core\Core\motor_protection.c(50): warning:  #177-D: function "isContactorFault"  was declared but never referenced
  static bool isContactorFault();
..\Core\Core\motor_protection.c(94): warning:  #177-D: function "isUnderVoltage"  was declared but never referenced
  static bool isUnderVoltage()
..\Core\Core\motor_protection.c(117): warning:  #177-D: function "isOverVoltage"  was declared but never referenced
  static bool isOverVoltage()
..\Core\Core\motor_protection.c(162): warning:  #177-D: function "isUnderCurrent"  was declared but never referenced
  static bool isUnderCurrent()
..\Core\Core\motor_protection.c(183): warning:  #177-D: function "isOverCurrent"  was declared but never referenced
  static bool isOverCurrent()
..\Core\Core\motor_protection.c(210): warning:  #177-D: function "invTimeCal"  was declared but never referenced
  static void invTimeCal()
..\Core\Core\motor_protection.c(489): warning:  #177-D: function "imidiateTrip"  was declared but never referenced
   static void imidiateTrip()
..\Core\Core\motor_protection.c(549): warning:  #177-D: function "motorConditionCheck"  was declared but never referenced
   static void motorConditionCheck()
..\Core\Core\motor_protection.c(649): warning:  #177-D: function "preStartingMotorStatus"  was declared but never referenced
  	static void preStartingMotorStatus()
..\Core\Core\motor_protection.c: 55 warnings, 15 errors
compiling pt24xx.c...
..\Core\Store\eeprom_addr.h(15): warning:  #1-D: last line of file ends without a newline
  #endif
..\Core\Store\pt24xx.c: 1 warning, 0 errors
compiling main.c...
../Core/Src/main.c(273): warning:  #188-D: enumerated type mixed with another type
    hadc1.Init.LowPowerAutoWait = DISABLE;
../Core/Src/main.c(274): warning:  #188-D: enumerated type mixed with another type
    hadc1.Init.LowPowerAutoPowerOff = DISABLE;
../Core/Src/main.c(275): warning:  #188-D: enumerated type mixed with another type
    hadc1.Init.ContinuousConvMode = DISABLE;
../Core/Src/main.c(277): warning:  #188-D: enumerated type mixed with another type
    hadc1.Init.DiscontinuousConvMode = DISABLE;
../Core/Src/main.c(280): warning:  #188-D: enumerated type mixed with another type
    hadc1.Init.DMAContinuousRequests = DISABLE;
../Core/Src/main.c(284): warning:  #188-D: enumerated type mixed with another type
    hadc1.Init.OversamplingMode = DISABLE;
../Core/Src/main.c(126): warning:  #177-D: function "hardware_init"  was declared but never referenced
  static void hardware_init()
../Core/Src/main.c: 7 warnings, 0 errors
compiling stm32g0xx_it.c...
compiling stm32g0xx_hal_msp.c...
compiling stm32g0xx_hal_adc_ex.c...
compiling stm32g0xx_hal_gpio.c...
compiling stm32g0xx_ll_adc.c...
compiling stm32g0xx_hal_adc.c...
compiling stm32g0xx_hal_i2c_ex.c...
compiling stm32g0xx_hal_rtc.c...
compiling stm32g0xx_hal_i2c.c...
compiling stm32g0xx_hal_rtc_ex.c...
compiling stm32g0xx_hal_tim_ex.c...
compiling stm32g0xx_hal_tim.c...
compiling stm32g0xx_hal_uart_ex.c...
compiling stm32g0xx_hal_uart.c...
compiling stm32g0xx_hal_rcc.c...
compiling stm32g0xx_ll_rcc.c...
compiling stm32g0xx_hal_rcc_ex.c...
compiling stm32g0xx_hal_flash_ex.c...
compiling stm32g0xx_hal_flash.c...
compiling stm32g0xx_hal_pwr.c...
compiling stm32g0xx_hal_dma_ex.c...
compiling stm32g0xx_hal_dma.c...
compiling stm32g0xx_hal_pwr_ex.c...
compiling stm32g0xx_hal_cortex.c...
compiling stm32g0xx_hal.c...
compiling system_stm32g0xx.c...
compiling stm32g0xx_hal_exti.c...
"MPR\MPR.axf" - 17 Error(s), 69 Warning(s).

<h2>Software Packages used:</h2>

Package Vendor: ARM
                http://www.keil.com/pack/ARM.CMSIS.5.8.0.pack
                ARM.CMSIS.5.8.0
                CMSIS (Common Microcontroller Software Interface Standard)
   * Component: CORE Version: 5.5.0

Package Vendor: Keil
                http://www.keil.com/pack/Keil.STM32G0xx_DFP.1.3.0.pack
                Keil.STM32G0xx_DFP.1.3.0
                STMicroelectronics STM32G0 Series Device Support

<h2>Collection of Component include folders:</h2>
  .\RTE\_MPR
  C:\Users\EmbedOs\AppData\Local\Arm\Packs\ARM\CMSIS\5.8.0\CMSIS\Core\Include
  C:\Users\EmbedOs\AppData\Local\Arm\Packs\Keil\STM32G0xx_DFP\1.3.0\Drivers\CMSIS\Device\ST\STM32G0xx\Include

<h2>Collection of Component Files used:</h2>

   * Component: ARM::CMSIS:CORE:5.5.0
Target not created.
Build Time Elapsed:  00:00:29
</pre>
</body>
</html>
